0 info it worked if it ends with ok
1 verbose cli [ '/Users/bryanantigua/.nvm/v0.10.40/bin/node',
1 verbose cli   '/Users/bryanantigua/.nvm/v0.10.40/bin/npm',
1 verbose cli   'install' ]
2 info using npm@1.4.28
3 info using node@v0.10.40
4 verbose readDependencies using package.json deps
5 verbose install where, deps [ '/Users/bryanantigua/tech-talk-demo',
5 verbose install   [ 'bower',
5 verbose install     'http-server',
5 verbose install     'jasmine-core',
5 verbose install     'karma',
5 verbose install     'karma-chrome-launcher',
5 verbose install     'karma-firefox-launcher',
5 verbose install     'karma-jasmine',
5 verbose install     'karma-junit-reporter',
5 verbose install     'protractor',
5 verbose install     'shelljs' ] ]
6 info preinstall myapp@0.0.1
7 verbose readDependencies using package.json deps
8 verbose already installed skipping bower@^1.3.1 /Users/bryanantigua/tech-talk-demo
9 verbose already installed skipping http-server@^0.6.1 /Users/bryanantigua/tech-talk-demo
10 verbose already installed skipping jasmine-core@^2.3.4 /Users/bryanantigua/tech-talk-demo
11 verbose already installed skipping karma@~0.12 /Users/bryanantigua/tech-talk-demo
12 verbose already installed skipping karma-chrome-launcher@^0.1.12 /Users/bryanantigua/tech-talk-demo
13 verbose already installed skipping karma-firefox-launcher@^0.1.6 /Users/bryanantigua/tech-talk-demo
14 verbose already installed skipping karma-jasmine@^0.3.5 /Users/bryanantigua/tech-talk-demo
15 verbose already installed skipping karma-junit-reporter@^0.2.2 /Users/bryanantigua/tech-talk-demo
16 verbose already installed skipping protractor@^2.1.0 /Users/bryanantigua/tech-talk-demo
17 verbose already installed skipping shelljs@^0.2.6 /Users/bryanantigua/tech-talk-demo
18 silly resolved []
19 info build /Users/bryanantigua/tech-talk-demo
20 verbose linkStuff [ false, false, false, '/Users/bryanantigua' ]
21 info linkStuff myapp@0.0.1
22 verbose linkBins myapp@0.0.1
23 verbose linkMans myapp@0.0.1
24 verbose rebuildBundles myapp@0.0.1
25 verbose rebuildBundles [ '.DS_Store',
25 verbose rebuildBundles   '.bin',
25 verbose rebuildBundles   'bower',
25 verbose rebuildBundles   'http-server',
25 verbose rebuildBundles   'jasmine-core',
25 verbose rebuildBundles   'karma',
25 verbose rebuildBundles   'karma-chrome-launcher',
25 verbose rebuildBundles   'karma-firefox-launcher',
25 verbose rebuildBundles   'karma-jasmine',
25 verbose rebuildBundles   'karma-junit-reporter',
25 verbose rebuildBundles   'protractor',
25 verbose rebuildBundles   'shelljs' ]
26 info install myapp@0.0.1
27 info postinstall myapp@0.0.1
28 verbose unsafe-perm in lifecycle true
29 info myapp@0.0.1 Failed to exec postinstall script
30 error myapp@0.0.1 postinstall: `bower install`
30 error Exit status 8
31 error Failed at the myapp@0.0.1 postinstall script.
31 error This is most likely a problem with the myapp package,
31 error not with npm itself.
31 error Tell the author that this fails on your system:
31 error     bower install
31 error You can get their info via:
31 error     npm owner ls myapp
31 error There is likely additional logging output above.
32 error System Darwin 15.4.0
33 error command "/Users/bryanantigua/.nvm/v0.10.40/bin/node" "/Users/bryanantigua/.nvm/v0.10.40/bin/npm" "install"
34 error cwd /Users/bryanantigua/tech-talk-demo
35 error node -v v0.10.40
36 error npm -v 1.4.28
37 error code ELIFECYCLE
38 verbose exit [ 1, true ]
